<?xml version="1.0" encoding="UTF-8"?>
<testsuite name="com.example.project.TestRepair" tests="2" skipped="0" failures="0" errors="0" timestamp="2025-02-24T16:24:13" hostname="codespaces-fe03e9" time="0.027">
  <properties/>
  <testcase name="testAddRepairPARTA()" classname="com.example.project.TestRepair" time="0.024"/>
  <testcase name="testAvailableMechanicsPARTB()" classname="com.example.project.TestRepair" time="0.002"/>
  <system-out><![CDATA[]]></system-out>
  <system-err><![CDATA[]]></system-err>
</testsuite>
